<?xml version="1.0" encoding="UTF-8"?>
<!-- Generated by org.testng.reporters.JUnitReportReporter -->
<testsuite skipped="0" hostname="DESKTOP-QB0KDE3" name="testCases.CarLoanTest" tests="8" failures="0" timestamp="05 Nov 2020 09:48:28 GMT" time="307.518" errors="0">
  <testcase name="carEmiCalculator" time="26.904" classname="testCases.CarLoanTest"/>
  <testcase name="carEmiCalculator" time="29.060" classname="testCases.CarLoanTest"/>
  <testcase name="carEmiCalculator" time="33.797" classname="testCases.CarLoanTest"/>
  <testcase name="carEmiCalculator" time="41.867" classname="testCases.CarLoanTest"/>
  <testcase name="carEmiCalculator" time="43.389" classname="testCases.CarLoanTest"/>
  <testcase name="carEmiCalculator" time="49.525" classname="testCases.CarLoanTest"/>
  <testcase name="carEmiCalculator" time="52.909" classname="testCases.CarLoanTest"/>
  <testcase name="carEmiCalculator" time="30.067" classname="testCases.CarLoanTest"/>
</testsuite> <!-- testCases.CarLoanTest -->
