<?xml version="1.0" encoding="UTF-8"?>
<!-- Generated by org.testng.reporters.JUnitReportReporter -->
<testsuite skipped="0" hostname="DESKTOP-QB0KDE3" name="testCases.HomeLoanEmiTest" tests="10" failures="0" timestamp="05 Nov 2020 09:48:28 GMT" time="406.297" errors="0">
  <testcase name="homeLoanEmiCalculator" time="102.096" classname="testCases.HomeLoanEmiTest"/>
  <testcase name="homeLoanEmiCalculator" time="32.860" classname="testCases.HomeLoanEmiTest"/>
  <testcase name="homeLoanEmiCalculator" time="38.492" classname="testCases.HomeLoanEmiTest"/>
  <testcase name="homeLoanEmiCalculator" time="29.528" classname="testCases.HomeLoanEmiTest"/>
  <testcase name="homeLoanEmiCalculator" time="20.990" classname="testCases.HomeLoanEmiTest"/>
  <testcase name="homeLoanEmiCalculator" time="35.582" classname="testCases.HomeLoanEmiTest"/>
  <testcase name="homeLoanEmiCalculator" time="37.064" classname="testCases.HomeLoanEmiTest"/>
  <testcase name="homeLoanEmiCalculator" time="30.566" classname="testCases.HomeLoanEmiTest"/>
  <testcase name="homeLoanEmiCalculator" time="32.796" classname="testCases.HomeLoanEmiTest"/>
  <testcase name="homeLoanEmiCalculator" time="46.323" classname="testCases.HomeLoanEmiTest"/>
</testsuite> <!-- testCases.HomeLoanEmiTest -->
